Build started 11/14/2014 2:23:32 AM.
     1>Project "C:\Users\Anne\Documents\Visual Studio 2013\Projects\MyGame\MyGame\MyGame.vcxproj" on node 2 (Build target(s)).
     1>ClCompile:
         C:\Program Files (x86)\Microsoft Visual Studio 12.0\VC\bin\CL.exe /c /Zi /nologo /W3 /WX- /sdl /O2 /Oi /Oy- /GL /D WIN32 /D NDEBUG /D _CONSOLE /D _LIB /D _UNICODE /D UNICODE /Gm- /EHsc /MD /GS /Gy /fp:precise /Zc:wchar_t /Zc:forScope /Fo"Release\\" /Fd"Release\vc120.pdb" /Gd /TP /analyze- /errorReport:prompt Background.cpp GameObjectManager.cpp main.cpp Game.cpp MainMenu.cpp PlayerCharacter.cpp RigidSurface.cpp RigidSurface_Floor.cpp SplashScreen.cpp VisibleGameObject.cpp
         Background.cpp
     1>c:\users\anne\documents\visual studio 2013\projects\mygame\mygame\VisibleGameObject.h(3): fatal error C1083: Cannot open include file: 'SFML/Window.hpp': No such file or directory
         GameObjectManager.cpp
     1>c:\users\anne\documents\visual studio 2013\projects\mygame\mygame\VisibleGameObject.h(3): fatal error C1083: Cannot open include file: 'SFML/Window.hpp': No such file or directory
         main.cpp
     1>c:\users\anne\documents\visual studio 2013\projects\mygame\mygame\Game.h(2): fatal error C1083: Cannot open include file: 'SFML/Window.hpp': No such file or directory
         Game.cpp
     1>c:\users\anne\documents\visual studio 2013\projects\mygame\mygame\Game.h(2): fatal error C1083: Cannot open include file: 'SFML/Window.hpp': No such file or directory
         MainMenu.cpp
     1>c:\users\anne\documents\visual studio 2013\projects\mygame\mygame\MainMenu.h(2): fatal error C1083: Cannot open include file: 'SFML\Window.hpp': No such file or directory
         PlayerCharacter.cpp
     1>c:\users\anne\documents\visual studio 2013\projects\mygame\mygame\VisibleGameObject.h(3): fatal error C1083: Cannot open include file: 'SFML/Window.hpp': No such file or directory
         RigidSurface.cpp
     1>c:\users\anne\documents\visual studio 2013\projects\mygame\mygame\VisibleGameObject.h(3): fatal error C1083: Cannot open include file: 'SFML/Window.hpp': No such file or directory
         RigidSurface_Floor.cpp
     1>c:\users\anne\documents\visual studio 2013\projects\mygame\mygame\VisibleGameObject.h(3): fatal error C1083: Cannot open include file: 'SFML/Window.hpp': No such file or directory
         SplashScreen.cpp
     1>c:\users\anne\documents\visual studio 2013\projects\mygame\mygame\SplashScreen.h(2): fatal error C1083: Cannot open include file: 'SFML\Window.hpp': No such file or directory
         VisibleGameObject.cpp
     1>c:\users\anne\documents\visual studio 2013\projects\mygame\mygame\VisibleGameObject.h(3): fatal error C1083: Cannot open include file: 'SFML/Window.hpp': No such file or directory
     1>Done Building Project "C:\Users\Anne\Documents\Visual Studio 2013\Projects\MyGame\MyGame\MyGame.vcxproj" (Build target(s)) -- FAILED.

Build FAILED.

Time Elapsed 00:00:04.33
