Build started 12/5/2014 12:14:12 PM.
     1>Project "C:\Users\Anne\Documents\Visual Studio 2013\Projects\MyGame\MyAwesomeGame\MyAwesomeGame.vcxproj" on node 2 (Build target(s)).
     1>ClCompile:
         C:\Program Files (x86)\Microsoft Visual Studio 12.0\VC\bin\CL.exe /c /I"C:\Program Files (x86)\SFML-2.1\include" /ZI /nologo /W3 /WX- /sdl /Od /Oy- /D _MBCS /Gm /EHsc /RTC1 /MDd /GS /fp:precise /Zc:wchar_t /Zc:forScope /Fo"Debug\\" /Fd"Debug\vc120.pdb" /Gd /TP /analyze- /errorReport:prompt Coin.cpp Game.cpp GameObjectManager.cpp PlayerCharacter.cpp RigidSurface.cpp RigidSurface_Brick.cpp main.cpp
         Game.cpp
     1>c:\users\anne\documents\visual studio 2013\projects\mygame\myawesomegame\game.cpp(50): warning C4244: 'argument' : conversion from 'const int' to 'float', possible loss of data
     1>c:\users\anne\documents\visual studio 2013\projects\mygame\myawesomegame\game.cpp(78): warning C4244: 'argument' : conversion from 'const int' to 'float', possible loss of data
     1>c:\users\anne\documents\visual studio 2013\projects\mygame\myawesomegame\game.cpp(100): warning C4018: '<' : signed/unsigned mismatch
     1>c:\users\anne\documents\visual studio 2013\projects\mygame\myawesomegame\game.cpp(113): warning C4244: 'argument' : conversion from 'const int' to 'float', possible loss of data
     1>c:\users\anne\documents\visual studio 2013\projects\mygame\myawesomegame\game.cpp(190): warning C4244: 'argument' : conversion from 'int' to 'float', possible loss of data
     1>c:\users\anne\documents\visual studio 2013\projects\mygame\myawesomegame\game.cpp(351): warning C4018: '<' : signed/unsigned mismatch
     1>c:\users\anne\documents\visual studio 2013\projects\mygame\myawesomegame\game.cpp(541): warning C4244: 'argument' : conversion from 'const int' to 'float', possible loss of data
     1>c:\users\anne\documents\visual studio 2013\projects\mygame\myawesomegame\game.cpp(548): warning C4172: returning address of local variable or temporary
         Generating Code...
         Skipping... (no relevant changes detected)
         main.cpp
         RigidSurface_Brick.cpp
         RigidSurface.cpp
         PlayerCharacter.cpp
         GameObjectManager.cpp
         Coin.cpp
       Link:
         C:\Program Files (x86)\Microsoft Visual Studio 12.0\VC\bin\link.exe /ERRORREPORT:PROMPT /OUT:"C:\Users\Anne\Documents\Visual Studio 2013\Projects\MyGame\Debug\MyAwesomeGame.exe" /INCREMENTAL /NOLOGO /LIBPATH:"C:\Program Files (x86)\SFML-2.1\lib" "sfml-system-d.lib" "sfml-main-d.lib" "sfml-graphics-d.lib" "sfml-audio-d.lib" "sfml-network-d.lib" "sfml-window-d.lib" kernel32.lib user32.lib gdi32.lib winspool.lib comdlg32.lib advapi32.lib shell32.lib ole32.lib oleaut32.lib uuid.lib odbc32.lib odbccp32.lib kernel32.lib user32.lib gdi32.lib winspool.lib comdlg32.lib advapi32.lib shell32.lib ole32.lib oleaut32.lib uuid.lib odbc32.lib odbccp32.lib /MANIFEST /MANIFESTUAC:"level='asInvoker' uiAccess='false'" /manifest:embed /DEBUG /PDB:"C:\Users\Anne\Documents\Visual Studio 2013\Projects\MyGame\Debug\MyAwesomeGame.pdb" /TLBID:1 /DYNAMICBASE /NXCOMPAT /IMPLIB:"C:\Users\Anne\Documents\Visual Studio 2013\Projects\MyGame\Debug\MyAwesomeGame.lib" /MACHINE:X86 Debug\Background.obj
         Debug\Coin.obj
         Debug\Game.obj
         Debug\GameObjectManager.obj
         Debug\main.obj
         Debug\MainMenu.obj
         Debug\PlayerCharacter.obj
         Debug\RigidSurface.obj
         Debug\RigidSurface_Brick.obj
         Debug\RigidSurface_Floor.obj
         Debug\RigidSurface_Mystery.obj
         Debug\RigidSurface_Pipe.obj
         Debug\SplashScreen.obj
         Debug\VisibleGameObject.obj
         MyAwesomeGame.vcxproj -> C:\Users\Anne\Documents\Visual Studio 2013\Projects\MyGame\Debug\MyAwesomeGame.exe
     1>Done Building Project "C:\Users\Anne\Documents\Visual Studio 2013\Projects\MyGame\MyAwesomeGame\MyAwesomeGame.vcxproj" (Build target(s)).

Build succeeded.

Time Elapsed 00:00:03.04
