c:\users\anne\documents\visual studio 2013\projects\mygame\mygame\debug\vc120.pdb
c:\users\anne\documents\visual studio 2013\projects\mygame\mygame\debug\vc120.idb
c:\users\anne\documents\visual studio 2013\projects\mygame\mygame\debug\background.obj
c:\users\anne\documents\visual studio 2013\projects\mygame\mygame\debug\gameobjectmanager.obj
c:\users\anne\documents\visual studio 2013\projects\mygame\mygame\debug\main.obj
c:\users\anne\documents\visual studio 2013\projects\mygame\mygame\debug\game.obj
c:\users\anne\documents\visual studio 2013\projects\mygame\mygame\debug\mainmenu.obj
c:\users\anne\documents\visual studio 2013\projects\mygame\mygame\debug\playercharacter.obj
c:\users\anne\documents\visual studio 2013\projects\mygame\mygame\debug\rigidsurface.obj
c:\users\anne\documents\visual studio 2013\projects\mygame\mygame\debug\splashscreen.obj
c:\users\anne\documents\visual studio 2013\projects\mygame\mygame\debug\visiblegameobject.obj
c:\users\anne\documents\visual studio 2013\projects\mygame\mygame\debug\rigidsurface_floor.obj
c:\users\anne\documents\visual studio 2013\projects\mygame\mygame\debug\rigidsurface_mystery.obj
c:\users\anne\documents\visual studio 2013\projects\mygame\debug\mygame.ilk
c:\users\anne\documents\visual studio 2013\projects\mygame\debug\mygame.exe
c:\users\anne\documents\visual studio 2013\projects\mygame\debug\mygame.pdb
c:\users\anne\documents\visual studio 2013\projects\mygame\mygame\debug\mygame.tlog\cl.command.1.tlog
c:\users\anne\documents\visual studio 2013\projects\mygame\mygame\debug\mygame.tlog\cl.read.1.tlog
c:\users\anne\documents\visual studio 2013\projects\mygame\mygame\debug\mygame.tlog\cl.write.1.tlog
c:\users\anne\documents\visual studio 2013\projects\mygame\mygame\debug\mygame.tlog\link.command.1.tlog
c:\users\anne\documents\visual studio 2013\projects\mygame\mygame\debug\mygame.tlog\link.read.1.tlog
c:\users\anne\documents\visual studio 2013\projects\mygame\mygame\debug\mygame.tlog\link.write.1.tlog
